<?xml version="1.0" encoding="UTF-8"?>
<testng-results skipped="0" failed="0" total="1" passed="1">
  <reporter-output>
  </reporter-output>
  <suite name="Suite" duration-ms="19092" started-at="2020-04-27T10:26:06Z" finished-at="2020-04-27T10:26:26Z">
    <groups>
    </groups>
    <test name="Test" duration-ms="19092" started-at="2020-04-27T10:26:06Z" finished-at="2020-04-27T10:26:26Z">
      <class name="avn.NewTest">
        <test-method status="PASS" signature="f()[pri:0, instance:avn.NewTest@5a8e6209]" name="f" duration-ms="19037" started-at="2020-04-27T15:56:07Z" finished-at="2020-04-27T15:56:26Z">
          <reporter-output>
          </reporter-output>
        </test-method> <!-- f -->
      </class> <!-- avn.NewTest -->
    </test> <!-- Test -->
  </suite> <!-- Suite -->
</testng-results>
